<?xml version="1.0" encoding="UTF-8"?>
<!-- Generated by org.testng.reporters.JUnitXMLReporter -->
<testsuite hostname="QAD03PALEGA001" name="Test" tests="2" failures="0" timestamp="11 Sep 2015 20:28:40 GMT" time="30.274" errors="0">
  <testcase name="testCreateBasicLocation" time="14.684" classname="org.rm.automation.admin.tests.locations.createBasicLocation"/>
  <testcase name="testCreateAssociatedLocation" time="15.442" classname="org.rm.automation.admin.tests.locations.createAssociatedLocation"/>
</testsuite> <!-- Test -->
