<?xml version="1.0" encoding="UTF-8"?>
<!-- Generated by org.testng.reporters.JUnitXMLReporter -->
<testsuite hostname="QAD03PALEGA001" name="Test" tests="2" failures="0" timestamp="11 Sep 2015 16:16:58 GMT" time="29.66" errors="0">
  <testcase name="testCreateBasicLocation" time="17.628" classname="org.rm.automation.admin.tests.locations.createBasicLocation"/>
  <testcase name="testCreateAssociatedLocation" time="11.796" classname="org.rm.automation.admin.tests.locations.createAssociatedLocation"/>
</testsuite> <!-- Test -->
