<?xml version="1.0" encoding="UTF-8"?>
<testsuite name="TestSuite" time="11.195" tests="4" errors="0" skipped="0" failures="3">
  <properties>
[...]
</properties>
  <testcase name="testCreateBasicLocation" classname="org.rm.automation.admin.tests.locations.createBasicLocation" time="0.69">
    <failure type="java.lang.NullPointerException:"><![CDATA[java.lang.NullPointerException: null
	at org.rm.automation.admin.pageobjects.LoginPage.<init>(LoginPage.java:23)
	at org.rm.automation.admin.tests.locations.createBasicLocation.testCreateBasicLocation(createBasicLocation.java:45)
]]></failure>
    <system-out><![CDATA[Create Basic Location functionality details...
*** Screen shot stored in null ***
]]></system-out>
    <system-err><![CDATA[log4j:WARN No appenders could be found for logger (org.apache.http.client.protocol.RequestAddCookies).
log4j:WARN Please initialize the log4j system properly.
log4j:WARN See http://logging.apache.org/log4j/1.2/faq.html#noconfig for more info.
]]></system-err>
  </testcase>
  <testcase name="testCreateResource" classname="org.rm.automation.admin.tests.resources.CreateResource" time="0.81">
    <failure type="java.lang.NullPointerException:"><![CDATA[java.lang.NullPointerException: null
	at org.rm.automation.admin.pageobjects.LoginPage.<init>(LoginPage.java:23)
	at org.rm.automation.admin.tests.resources.CreateResource.testCreateResource(CreateResource.java:34)
]]></failure>
    <system-out><![CDATA[Enter Create Resource Test Case
*** Screen shot stored in ..\screenshots\Conference_rooms-12_Sep_2015__08_46_14PM.png ***
]]></system-out>
  </testcase>
  <testcase name="verifyRoomColumnBtn" classname="org.rm.automation.admin.tests.conferenceRooms.VerifyRoomColumnBtn" time="6.274"/>
  <testcase name="verifyTotalConferenceRooms" classname="org.rm.automation.admin.tests.conferenceRooms.VerifyTotalConferenceRooms" time="3.421">
    <failure message="expected:&lt;Total Items: 0&gt; but was:&lt;Total Items: 3&gt;" type="java.lang.AssertionError"><![CDATA[java.lang.AssertionError: expected:<Total Items: 0> but was:<Total Items: 3>
	at org.testng.AssertJUnit.assertEquals(AssertJUnit.java:101)
	at org.testng.AssertJUnit.assertEquals(AssertJUnit.java:108)
	at org.rm.automation.admin.tests.conferenceRooms.VerifyTotalConferenceRooms.verifyTotalConferenceRooms(VerifyTotalConferenceRooms.java:52)
]]></failure>
    <system-out><![CDATA[entering wait
waiting
*** Screen shot stored in ..\screenshots\Conference_rooms-12_Sep_2015__08_46_15PM.png ***
]]></system-out>
  </testcase>
</testsuite>